P8_Sokoban/app/build/outputs/logs/manifest-merger-debug-report.txt
-- Merging decision tree log ---
manifest
ADDED from src/main/AndroidManifest.xml:2:1-25:12
	package
		ADDED from src/main/AndroidManifest.xml:3:7-34
		INJECTED from src/main/AndroidManifest.xml
		INJECTED from src/main/AndroidManifest.xml
	xmlns:android
		ADDED from src/main/AndroidManifest.xml:2:11-69
application
ADDED from src/main/AndroidManifest.xml:5:5-22:19
	android:label
		ADDED from src/main/AndroidManifest.xml:5:48-74
	android:icon
		ADDED from src/main/AndroidManifest.xml:5:18-47
activity#p8.demo.p8sokoban.P8_cassetete
ADDED from src/main/AndroidManifest.xml:6:9-12:20
	android:label
		ADDED from src/main/AndroidManifest.xml:7:19-53
	android:name
		ADDED from src/main/AndroidManifest.xml:6:19-47
intent-filter#android.intent.action.MAIN+android.intent.category.LAUNCHER
ADDED from src/main/AndroidManifest.xml:8:13-11:29
action#android.intent.action.MAIN
ADDED from src/main/AndroidManifest.xml:9:17-69
	android:name
		ADDED from src/main/AndroidManifest.xml:9:25-66
category#android.intent.category.LAUNCHER
ADDED from src/main/AndroidManifest.xml:10:17-77
	android:name
		ADDED from src/main/AndroidManifest.xml:10:27-74
activity#p8.demo.p8sokoban.P8_cassetete2
ADDED from src/main/AndroidManifest.xml:13:9-16:20
	android:label
		ADDED from src/main/AndroidManifest.xml:14:13-47
	android:name
		ADDED from src/main/AndroidManifest.xml:13:19-48
activity#p8.demo.p8sokoban.P8_cassetete3
ADDED from src/main/AndroidManifest.xml:17:9-20:20
	android:label
		ADDED from src/main/AndroidManifest.xml:18:13-47
	android:name
		ADDED from src/main/AndroidManifest.xml:17:19-48